{"C:\\Users\\Usuario\\Desktop\\Frontend_Elite\\proyectos\\lib2\\react-hooks\\src\\App.tsx": {"path":"C:\\Users\\Usuario\\Desktop\\Frontend_Elite\\proyectos\\lib2\\react-hooks\\src\\App.tsx","all":true,"statementMap":{"0":{"start":{"line":1,"column":0},"end":{"line":1,"column":19}},"2":{"start":{"line":3,"column":0},"end":{"line":3,"column":59}},"3":{"start":{"line":4,"column":0},"end":{"line":4,"column":50}},"4":{"start":{"line":5,"column":0},"end":{"line":5,"column":48}},"6":{"start":{"line":7,"column":0},"end":{"line":7,"column":16}},"7":{"start":{"line":8,"column":0},"end":{"line":8,"column":63}},"8":{"start":{"line":9,"column":0},"end":{"line":9,"column":107}},"10":{"start":{"line":11,"column":0},"end":{"line":11,"column":10}},"11":{"start":{"line":12,"column":0},"end":{"line":12,"column":6}},"12":{"start":{"line":13,"column":0},"end":{"line":13,"column":56}},"14":{"start":{"line":15,"column":0},"end":{"line":15,"column":15}},"15":{"start":{"line":16,"column":0},"end":{"line":16,"column":12}},"16":{"start":{"line":17,"column":0},"end":{"line":17,"column":33}},"17":{"start":{"line":18,"column":0},"end":{"line":18,"column":79}},"19":{"start":{"line":20,"column":0},"end":{"line":20,"column":18}},"20":{"start":{"line":21,"column":0},"end":{"line":21,"column":98}},"21":{"start":{"line":22,"column":0},"end":{"line":22,"column":33}},"22":{"start":{"line":23,"column":0},"end":{"line":23,"column":66}},"23":{"start":{"line":24,"column":0},"end":{"line":24,"column":14}},"25":{"start":{"line":26,"column":0},"end":{"line":26,"column":37}},"26":{"start":{"line":27,"column":0},"end":{"line":27,"column":25}},"27":{"start":{"line":28,"column":0},"end":{"line":28,"column":12}},"28":{"start":{"line":29,"column":0},"end":{"line":29,"column":7}},"30":{"start":{"line":31,"column":0},"end":{"line":31,"column":1}},"32":{"start":{"line":33,"column":0},"end":{"line":33,"column":19}}},"s":{"0":0,"2":0,"3":0,"4":0,"6":0,"7":0,"8":0,"10":0,"11":0,"12":0,"14":0,"15":0,"16":0,"17":0,"19":0,"20":0,"21":0,"22":0,"23":0,"25":0,"26":0,"27":0,"28":0,"30":0,"32":0},"branchMap":{"0":{"type":"branch","line":1,"loc":{"start":{"line":1,"column":0},"end":{"line":33,"column":-495}},"locations":[{"start":{"line":1,"column":0},"end":{"line":33,"column":-495}}]}},"b":{"0":[0]},"fnMap":{"0":{"name":"(empty-report)","decl":{"start":{"line":1,"column":0},"end":{"line":33,"column":-495}},"loc":{"start":{"line":1,"column":0},"end":{"line":33,"column":-495}},"line":1}},"f":{"0":0}}
,"C:\\Users\\Usuario\\Desktop\\Frontend_Elite\\proyectos\\lib2\\react-hooks\\src\\index.ts": {"path":"C:\\Users\\Usuario\\Desktop\\Frontend_Elite\\proyectos\\lib2\\react-hooks\\src\\index.ts","all":true,"statementMap":{"0":{"start":{"line":1,"column":0},"end":{"line":1,"column":23}}},"s":{"0":0},"branchMap":{"0":{"type":"branch","line":1,"loc":{"start":{"line":1,"column":0},"end":{"line":1,"column":14}},"locations":[{"start":{"line":1,"column":0},"end":{"line":1,"column":14}}]}},"b":{"0":[0]},"fnMap":{"0":{"name":"(empty-report)","decl":{"start":{"line":1,"column":0},"end":{"line":1,"column":14}},"loc":{"start":{"line":1,"column":0},"end":{"line":1,"column":14}},"line":1}},"f":{"0":0}}
,"C:\\Users\\Usuario\\Desktop\\Frontend_Elite\\proyectos\\lib2\\react-hooks\\src\\main.tsx": {"path":"C:\\Users\\Usuario\\Desktop\\Frontend_Elite\\proyectos\\lib2\\react-hooks\\src\\main.tsx","all":true,"statementMap":{"0":{"start":{"line":1,"column":0},"end":{"line":1,"column":20}},"2":{"start":{"line":3,"column":0},"end":{"line":3,"column":39}},"4":{"start":{"line":5,"column":0},"end":{"line":5,"column":27}},"6":{"start":{"line":7,"column":0},"end":{"line":7,"column":61}},"7":{"start":{"line":8,"column":0},"end":{"line":8,"column":12}},"8":{"start":{"line":9,"column":0},"end":{"line":9,"column":1}}},"s":{"0":0,"2":0,"4":0,"6":0,"7":0,"8":0},"branchMap":{"0":{"type":"branch","line":1,"loc":{"start":{"line":1,"column":168},"end":{"line":9,"column":1}},"locations":[{"start":{"line":1,"column":168},"end":{"line":9,"column":1}}]}},"b":{"0":[0]},"fnMap":{"0":{"name":"(empty-report)","decl":{"start":{"line":1,"column":168},"end":{"line":9,"column":1}},"loc":{"start":{"line":1,"column":168},"end":{"line":9,"column":1}},"line":1}},"f":{"0":0}}
,"C:\\Users\\Usuario\\Desktop\\Frontend_Elite\\proyectos\\lib2\\react-hooks\\src\\HoC\\withTraking.tsx": {"path":"C:\\Users\\Usuario\\Desktop\\Frontend_Elite\\proyectos\\lib2\\react-hooks\\src\\HoC\\withTraking.tsx","all":false,"statementMap":{"0":{"start":{"line":1,"column":0},"end":{"line":1,"column":30}},"7":{"start":{"line":8,"column":0},"end":{"line":8,"column":28}},"9":{"start":{"line":10,"column":0},"end":{"line":10,"column":38}},"10":{"start":{"line":11,"column":0},"end":{"line":11,"column":1}},"12":{"start":{"line":13,"column":0},"end":{"line":13,"column":77}},"14":{"start":{"line":15,"column":0},"end":{"line":15,"column":41}},"15":{"start":{"line":16,"column":0},"end":{"line":16,"column":57}},"16":{"start":{"line":17,"column":0},"end":{"line":17,"column":49}},"17":{"start":{"line":18,"column":0},"end":{"line":18,"column":46}},"19":{"start":{"line":20,"column":0},"end":{"line":20,"column":31}},"20":{"start":{"line":21,"column":0},"end":{"line":21,"column":45}},"21":{"start":{"line":22,"column":0},"end":{"line":22,"column":23}},"22":{"start":{"line":23,"column":0},"end":{"line":23,"column":35}},"23":{"start":{"line":24,"column":0},"end":{"line":24,"column":13}},"24":{"start":{"line":25,"column":0},"end":{"line":25,"column":23}},"26":{"start":{"line":27,"column":0},"end":{"line":27,"column":16}},"27":{"start":{"line":28,"column":0},"end":{"line":28,"column":30}},"28":{"start":{"line":29,"column":0},"end":{"line":29,"column":44}},"29":{"start":{"line":30,"column":0},"end":{"line":30,"column":18}},"31":{"start":{"line":32,"column":0},"end":{"line":32,"column":5}},"33":{"start":{"line":34,"column":0},"end":{"line":34,"column":1}}},"s":{"0":1,"7":1,"9":1,"10":1,"12":1,"14":3,"15":3,"16":3,"17":3,"19":3,"20":3,"21":1,"22":1,"23":1,"24":3,"26":3,"27":3,"28":3,"29":3,"31":3,"33":3},"branchMap":{"0":{"type":"branch","line":8,"loc":{"start":{"line":8,"column":21},"end":{"line":11,"column":1}},"locations":[{"start":{"line":8,"column":21},"end":{"line":11,"column":1}}]},"1":{"type":"branch","line":13,"loc":{"start":{"line":13,"column":27},"end":{"line":34,"column":1}},"locations":[{"start":{"line":13,"column":27},"end":{"line":34,"column":1}}]},"2":{"type":"branch","line":15,"loc":{"start":{"line":15,"column":11},"end":{"line":32,"column":5}},"locations":[{"start":{"line":15,"column":11},"end":{"line":32,"column":5}}]},"3":{"type":"branch","line":20,"loc":{"start":{"line":20,"column":24},"end":{"line":25,"column":11}},"locations":[{"start":{"line":20,"column":24},"end":{"line":25,"column":11}}]},"4":{"type":"branch","line":21,"loc":{"start":{"line":21,"column":16},"end":{"line":21,"column":44}},"locations":[{"start":{"line":21,"column":16},"end":{"line":21,"column":44}}]},"5":{"type":"branch","line":21,"loc":{"start":{"line":21,"column":44},"end":{"line":24,"column":13}},"locations":[{"start":{"line":21,"column":44},"end":{"line":24,"column":13}}]}},"b":{"0":[1],"1":[3],"2":[3],"3":[3],"4":[1],"5":[1]},"fnMap":{"0":{"name":"event","decl":{"start":{"line":8,"column":21},"end":{"line":11,"column":1}},"loc":{"start":{"line":8,"column":21},"end":{"line":11,"column":1}},"line":8},"1":{"name":"withTraking","decl":{"start":{"line":13,"column":27},"end":{"line":34,"column":1}},"loc":{"start":{"line":13,"column":27},"end":{"line":34,"column":1}},"line":13},"2":{"name":"Component","decl":{"start":{"line":15,"column":11},"end":{"line":32,"column":5}},"loc":{"start":{"line":15,"column":11},"end":{"line":32,"column":5}},"line":15}},"f":{"0":1,"1":3,"2":3}}
,"C:\\Users\\Usuario\\Desktop\\Frontend_Elite\\proyectos\\lib2\\react-hooks\\src\\components\\DemoComponent.tsx": {"path":"C:\\Users\\Usuario\\Desktop\\Frontend_Elite\\proyectos\\lib2\\react-hooks\\src\\components\\DemoComponent.tsx","all":true,"statementMap":{"0":{"start":{"line":1,"column":0},"end":{"line":1,"column":48}},"2":{"start":{"line":3,"column":0},"end":{"line":3,"column":25}},"4":{"start":{"line":5,"column":0},"end":{"line":5,"column":10}},"5":{"start":{"line":6,"column":0},"end":{"line":6,"column":28}},"7":{"start":{"line":8,"column":0},"end":{"line":8,"column":1}},"9":{"start":{"line":10,"column":0},"end":{"line":10,"column":51}}},"s":{"0":0,"2":0,"4":0,"5":0,"7":0,"9":0},"branchMap":{"0":{"type":"branch","line":1,"loc":{"start":{"line":1,"column":184},"end":{"line":10,"column":51}},"locations":[{"start":{"line":1,"column":184},"end":{"line":10,"column":51}}]}},"b":{"0":[0]},"fnMap":{"0":{"name":"(empty-report)","decl":{"start":{"line":1,"column":184},"end":{"line":10,"column":51}},"loc":{"start":{"line":1,"column":184},"end":{"line":10,"column":51}},"line":1}},"f":{"0":0}}
,"C:\\Users\\Usuario\\Desktop\\Frontend_Elite\\proyectos\\lib2\\react-hooks\\src\\hooks\\index.ts": {"path":"C:\\Users\\Usuario\\Desktop\\Frontend_Elite\\proyectos\\lib2\\react-hooks\\src\\hooks\\index.ts","all":true,"statementMap":{"0":{"start":{"line":1,"column":0},"end":{"line":1,"column":28}},"1":{"start":{"line":2,"column":0},"end":{"line":2,"column":29}},"2":{"start":{"line":3,"column":0},"end":{"line":3,"column":30}}},"s":{"0":0,"1":0,"2":0},"branchMap":{"0":{"type":"branch","line":1,"loc":{"start":{"line":1,"column":91},"end":{"line":3,"column":30}},"locations":[{"start":{"line":1,"column":91},"end":{"line":3,"column":30}}]}},"b":{"0":[0]},"fnMap":{"0":{"name":"(empty-report)","decl":{"start":{"line":1,"column":91},"end":{"line":3,"column":30}},"loc":{"start":{"line":1,"column":91},"end":{"line":3,"column":30}},"line":1}},"f":{"0":0}}
,"C:\\Users\\Usuario\\Desktop\\Frontend_Elite\\proyectos\\lib2\\react-hooks\\src\\hooks\\useClickout.ts": {"path":"C:\\Users\\Usuario\\Desktop\\Frontend_Elite\\proyectos\\lib2\\react-hooks\\src\\hooks\\useClickout.ts","all":false,"statementMap":{"0":{"start":{"line":1,"column":0},"end":{"line":1,"column":51}},"2":{"start":{"line":3,"column":0},"end":{"line":3,"column":88}},"3":{"start":{"line":4,"column":0},"end":{"line":4,"column":53}},"4":{"start":{"line":5,"column":0},"end":{"line":5,"column":44}},"6":{"start":{"line":7,"column":0},"end":{"line":7,"column":19}},"7":{"start":{"line":8,"column":0},"end":{"line":8,"column":52}},"8":{"start":{"line":9,"column":0},"end":{"line":9,"column":85}},"9":{"start":{"line":10,"column":0},"end":{"line":10,"column":25}},"10":{"start":{"line":11,"column":0},"end":{"line":11,"column":7}},"11":{"start":{"line":12,"column":0},"end":{"line":12,"column":5}},"13":{"start":{"line":14,"column":0},"end":{"line":14,"column":63}},"14":{"start":{"line":15,"column":0},"end":{"line":15,"column":79}},"15":{"start":{"line":16,"column":0},"end":{"line":16,"column":9}},"17":{"start":{"line":18,"column":0},"end":{"line":18,"column":43}},"18":{"start":{"line":19,"column":0},"end":{"line":19,"column":1}}},"s":{"0":1,"2":1,"3":5,"4":5,"6":5,"7":4,"8":1,"9":1,"10":1,"11":1,"13":4,"14":4,"15":5,"17":5,"18":5},"branchMap":{"0":{"type":"branch","line":3,"loc":{"start":{"line":3,"column":7},"end":{"line":19,"column":1}},"locations":[{"start":{"line":3,"column":7},"end":{"line":19,"column":1}}]},"1":{"type":"branch","line":7,"loc":{"start":{"line":7,"column":12},"end":{"line":16,"column":5}},"locations":[{"start":{"line":7,"column":12},"end":{"line":16,"column":5}}]},"2":{"type":"branch","line":8,"loc":{"start":{"line":8,"column":4},"end":{"line":12,"column":5}},"locations":[{"start":{"line":8,"column":4},"end":{"line":12,"column":5}}]},"3":{"type":"branch","line":15,"loc":{"start":{"line":15,"column":11},"end":{"line":15,"column":79}},"locations":[{"start":{"line":15,"column":11},"end":{"line":15,"column":79}}]}},"b":{"0":[5],"1":[4],"2":[1],"3":[4]},"fnMap":{"0":{"name":"useClickout","decl":{"start":{"line":3,"column":7},"end":{"line":19,"column":1}},"loc":{"start":{"line":3,"column":7},"end":{"line":19,"column":1}},"line":3},"1":{"name":"handleClickOutside","decl":{"start":{"line":8,"column":4},"end":{"line":12,"column":5}},"loc":{"start":{"line":8,"column":4},"end":{"line":12,"column":5}},"line":8}},"f":{"0":5,"1":1}}
,"C:\\Users\\Usuario\\Desktop\\Frontend_Elite\\proyectos\\lib2\\react-hooks\\src\\hooks\\useCounter.ts": {"path":"C:\\Users\\Usuario\\Desktop\\Frontend_Elite\\proyectos\\lib2\\react-hooks\\src\\hooks\\useCounter.ts","all":false,"statementMap":{"0":{"start":{"line":1,"column":0},"end":{"line":1,"column":30}},"13":{"start":{"line":14,"column":0},"end":{"line":14,"column":80}},"15":{"start":{"line":16,"column":0},"end":{"line":16,"column":58}},"17":{"start":{"line":18,"column":0},"end":{"line":18,"column":56}},"18":{"start":{"line":19,"column":0},"end":{"line":19,"column":54}},"19":{"start":{"line":20,"column":0},"end":{"line":20,"column":46}},"21":{"start":{"line":22,"column":0},"end":{"line":22,"column":12}},"22":{"start":{"line":23,"column":0},"end":{"line":23,"column":18}},"23":{"start":{"line":24,"column":0},"end":{"line":24,"column":18}},"24":{"start":{"line":25,"column":0},"end":{"line":25,"column":14}},"25":{"start":{"line":26,"column":0},"end":{"line":26,"column":13}},"26":{"start":{"line":27,"column":0},"end":{"line":27,"column":5}},"27":{"start":{"line":28,"column":0},"end":{"line":28,"column":1}}},"s":{"0":1,"13":1,"15":9,"17":9,"18":9,"19":9,"21":9,"22":9,"23":9,"24":9,"25":9,"26":9,"27":9},"branchMap":{"0":{"type":"branch","line":14,"loc":{"start":{"line":14,"column":26},"end":{"line":28,"column":1}},"locations":[{"start":{"line":14,"column":26},"end":{"line":28,"column":1}}]},"1":{"type":"branch","line":18,"loc":{"start":{"line":18,"column":22},"end":{"line":18,"column":56}},"locations":[{"start":{"line":18,"column":22},"end":{"line":18,"column":56}}]},"2":{"type":"branch","line":19,"loc":{"start":{"line":19,"column":22},"end":{"line":19,"column":54}},"locations":[{"start":{"line":19,"column":22},"end":{"line":19,"column":54}}]},"3":{"type":"branch","line":20,"loc":{"start":{"line":20,"column":18},"end":{"line":20,"column":46}},"locations":[{"start":{"line":20,"column":18},"end":{"line":20,"column":46}}]}},"b":{"0":[9],"1":[3],"2":[1],"3":[1]},"fnMap":{"0":{"name":"useCounter","decl":{"start":{"line":14,"column":26},"end":{"line":28,"column":1}},"loc":{"start":{"line":14,"column":26},"end":{"line":28,"column":1}},"line":14},"1":{"name":"increment","decl":{"start":{"line":18,"column":22},"end":{"line":18,"column":56}},"loc":{"start":{"line":18,"column":22},"end":{"line":18,"column":56}},"line":18},"2":{"name":"decrement","decl":{"start":{"line":19,"column":22},"end":{"line":19,"column":54}},"loc":{"start":{"line":19,"column":22},"end":{"line":19,"column":54}},"line":19},"3":{"name":"reset","decl":{"start":{"line":20,"column":18},"end":{"line":20,"column":46}},"loc":{"start":{"line":20,"column":18},"end":{"line":20,"column":46}},"line":20}},"f":{"0":9,"1":3,"2":1,"3":1}}
,"C:\\Users\\Usuario\\Desktop\\Frontend_Elite\\proyectos\\lib2\\react-hooks\\src\\hooks\\useIsVisible.ts": {"path":"C:\\Users\\Usuario\\Desktop\\Frontend_Elite\\proyectos\\lib2\\react-hooks\\src\\hooks\\useIsVisible.ts","all":false,"statementMap":{"0":{"start":{"line":1,"column":0},"end":{"line":1,"column":30}},"4":{"start":{"line":5,"column":0},"end":{"line":5,"column":50}},"6":{"start":{"line":7,"column":0},"end":{"line":7,"column":78}},"8":{"start":{"line":9,"column":0},"end":{"line":9,"column":60}},"9":{"start":{"line":10,"column":0},"end":{"line":10,"column":31}},"10":{"start":{"line":11,"column":0},"end":{"line":11,"column":47}},"11":{"start":{"line":12,"column":0},"end":{"line":12,"column":6}},"13":{"start":{"line":14,"column":0},"end":{"line":14,"column":27}},"14":{"start":{"line":15,"column":0},"end":{"line":15,"column":38}},"15":{"start":{"line":16,"column":0},"end":{"line":16,"column":34}},"16":{"start":{"line":17,"column":0},"end":{"line":17,"column":40}},"17":{"start":{"line":18,"column":0},"end":{"line":18,"column":9}},"18":{"start":{"line":19,"column":0},"end":{"line":19,"column":23}},"19":{"start":{"line":20,"column":0},"end":{"line":20,"column":38}},"20":{"start":{"line":21,"column":0},"end":{"line":21,"column":46}},"21":{"start":{"line":22,"column":0},"end":{"line":22,"column":13}},"22":{"start":{"line":23,"column":0},"end":{"line":23,"column":10}},"23":{"start":{"line":24,"column":0},"end":{"line":24,"column":23}},"25":{"start":{"line":26,"column":0},"end":{"line":26,"column":25}},"26":{"start":{"line":27,"column":0},"end":{"line":27,"column":1}}},"s":{"0":1,"4":1,"6":1,"8":1,"9":0,"10":0,"11":1,"13":1,"14":1,"15":1,"16":1,"17":1,"18":1,"19":1,"20":1,"21":1,"22":1,"23":1,"25":1,"26":1},"branchMap":{"0":{"type":"branch","line":5,"loc":{"start":{"line":5,"column":7},"end":{"line":27,"column":1}},"locations":[{"start":{"line":5,"column":7},"end":{"line":27,"column":1}}]},"1":{"type":"branch","line":14,"loc":{"start":{"line":14,"column":20},"end":{"line":24,"column":7}},"locations":[{"start":{"line":14,"column":20},"end":{"line":24,"column":7}}]},"2":{"type":"branch","line":19,"loc":{"start":{"line":19,"column":16},"end":{"line":23,"column":10}},"locations":[{"start":{"line":19,"column":16},"end":{"line":23,"column":10}}]}},"b":{"0":[1],"1":[1],"2":[1]},"fnMap":{"0":{"name":"useIsVisible","decl":{"start":{"line":5,"column":7},"end":{"line":27,"column":1}},"loc":{"start":{"line":5,"column":7},"end":{"line":27,"column":1}},"line":5}},"f":{"0":1}}
,"C:\\Users\\Usuario\\Desktop\\Frontend_Elite\\proyectos\\lib2\\react-hooks\\src\\hooks\\useThrottle.ts": {"path":"C:\\Users\\Usuario\\Desktop\\Frontend_Elite\\proyectos\\lib2\\react-hooks\\src\\hooks\\useThrottle.ts","all":true,"statementMap":{},"s":{},"branchMap":{"0":{"type":"branch","line":1,"loc":{"start":{"line":1,"column":0},"end":{"line":1,"column":0}},"locations":[{"start":{"line":1,"column":0},"end":{"line":1,"column":0}}]}},"b":{"0":[1]},"fnMap":{"0":{"name":"(empty-report)","decl":{"start":{"line":1,"column":0},"end":{"line":1,"column":0}},"loc":{"start":{"line":1,"column":0},"end":{"line":1,"column":0}},"line":1}},"f":{"0":1}}
,"C:\\Users\\Usuario\\Desktop\\Frontend_Elite\\proyectos\\lib2\\react-hooks\\src\\hooks\\windowRezise.ts": {"path":"C:\\Users\\Usuario\\Desktop\\Frontend_Elite\\proyectos\\lib2\\react-hooks\\src\\hooks\\windowRezise.ts","all":false,"statementMap":{"0":{"start":{"line":1,"column":0},"end":{"line":1,"column":3}},"12":{"start":{"line":13,"column":0},"end":{"line":13,"column":55}},"14":{"start":{"line":15,"column":0},"end":{"line":15,"column":58}},"15":{"start":{"line":16,"column":0},"end":{"line":16,"column":33}},"16":{"start":{"line":17,"column":0},"end":{"line":17,"column":35}},"17":{"start":{"line":18,"column":0},"end":{"line":18,"column":8}},"19":{"start":{"line":20,"column":0},"end":{"line":20,"column":34}},"20":{"start":{"line":21,"column":0},"end":{"line":21,"column":24}},"21":{"start":{"line":22,"column":0},"end":{"line":22,"column":37}},"22":{"start":{"line":23,"column":0},"end":{"line":23,"column":38}},"23":{"start":{"line":24,"column":0},"end":{"line":24,"column":10}},"24":{"start":{"line":25,"column":0},"end":{"line":25,"column":9}},"27":{"start":{"line":28,"column":0},"end":{"line":28,"column":27}},"28":{"start":{"line":29,"column":0},"end":{"line":29,"column":51}},"30":{"start":{"line":31,"column":0},"end":{"line":31,"column":22}},"31":{"start":{"line":32,"column":0},"end":{"line":32,"column":58}},"32":{"start":{"line":33,"column":0},"end":{"line":33,"column":9}},"33":{"start":{"line":34,"column":0},"end":{"line":34,"column":6}},"34":{"start":{"line":35,"column":0},"end":{"line":35,"column":22}},"35":{"start":{"line":36,"column":0},"end":{"line":36,"column":1}}},"s":{"0":1,"12":1,"14":4,"15":4,"16":4,"17":4,"19":4,"20":1,"21":1,"22":1,"23":1,"24":1,"27":4,"28":4,"30":4,"31":4,"32":4,"33":4,"34":4,"35":4},"branchMap":{"0":{"type":"branch","line":13,"loc":{"start":{"line":13,"column":7},"end":{"line":36,"column":1}},"locations":[{"start":{"line":13,"column":7},"end":{"line":36,"column":1}}]},"1":{"type":"branch","line":20,"loc":{"start":{"line":20,"column":21},"end":{"line":25,"column":9}},"locations":[{"start":{"line":20,"column":21},"end":{"line":25,"column":9}}]},"2":{"type":"branch","line":28,"loc":{"start":{"line":28,"column":20},"end":{"line":34,"column":5}},"locations":[{"start":{"line":28,"column":20},"end":{"line":34,"column":5}}]},"3":{"type":"branch","line":31,"loc":{"start":{"line":31,"column":15},"end":{"line":33,"column":9}},"locations":[{"start":{"line":31,"column":15},"end":{"line":33,"column":9}}]}},"b":{"0":[4],"1":[1],"2":[4],"3":[4]},"fnMap":{"0":{"name":"useWindowsResize","decl":{"start":{"line":13,"column":7},"end":{"line":36,"column":1}},"loc":{"start":{"line":13,"column":7},"end":{"line":36,"column":1}},"line":13},"1":{"name":"onResize","decl":{"start":{"line":20,"column":21},"end":{"line":25,"column":9}},"loc":{"start":{"line":20,"column":21},"end":{"line":25,"column":9}},"line":20}},"f":{"0":4,"1":1}}
,"C:\\Users\\Usuario\\Desktop\\Frontend_Elite\\proyectos\\lib2\\react-hooks\\src\\types\\helpers.ts": {"path":"C:\\Users\\Usuario\\Desktop\\Frontend_Elite\\proyectos\\lib2\\react-hooks\\src\\types\\helpers.ts","all":true,"statementMap":{},"s":{},"branchMap":{"0":{"type":"branch","line":1,"loc":{"start":{"line":1,"column":49},"end":{"line":1,"column":49}},"locations":[{"start":{"line":1,"column":49},"end":{"line":1,"column":49}}]}},"b":{"0":[1]},"fnMap":{"0":{"name":"(empty-report)","decl":{"start":{"line":1,"column":49},"end":{"line":1,"column":49}},"loc":{"start":{"line":1,"column":49},"end":{"line":1,"column":49}},"line":1}},"f":{"0":1}}
,"C:\\Users\\Usuario\\Desktop\\Frontend_Elite\\proyectos\\lib2\\react-hooks\\src\\types\\index.ts": {"path":"C:\\Users\\Usuario\\Desktop\\Frontend_Elite\\proyectos\\lib2\\react-hooks\\src\\types\\index.ts","all":true,"statementMap":{"0":{"start":{"line":1,"column":0},"end":{"line":1,"column":25}}},"s":{"0":0},"branchMap":{"0":{"type":"branch","line":1,"loc":{"start":{"line":1,"column":0},"end":{"line":1,"column":14}},"locations":[{"start":{"line":1,"column":0},"end":{"line":1,"column":14}}]}},"b":{"0":[0]},"fnMap":{"0":{"name":"(empty-report)","decl":{"start":{"line":1,"column":0},"end":{"line":1,"column":14}},"loc":{"start":{"line":1,"column":0},"end":{"line":1,"column":14}},"line":1}},"f":{"0":0}}
}
