{"C:\\Users\\Usuario\\Desktop\\Frontend_Elite\\proyectos\\lib2\\react-hooks\\src\\App.tsx": {"path":"C:\\Users\\Usuario\\Desktop\\Frontend_Elite\\proyectos\\lib2\\react-hooks\\src\\App.tsx","all":true,"statementMap":{"0":{"start":{"line":1,"column":0},"end":{"line":1,"column":18}},"2":{"start":{"line":3,"column":0},"end":{"line":3,"column":47}},"4":{"start":{"line":5,"column":0},"end":{"line":5,"column":16}},"5":{"start":{"line":6,"column":0},"end":{"line":6,"column":58}},"6":{"start":{"line":7,"column":0},"end":{"line":7,"column":10}},"7":{"start":{"line":8,"column":0},"end":{"line":8,"column":6}},"8":{"start":{"line":9,"column":0},"end":{"line":9,"column":54}},"10":{"start":{"line":11,"column":0},"end":{"line":11,"column":13}},"11":{"start":{"line":12,"column":0},"end":{"line":12,"column":31}},"12":{"start":{"line":13,"column":0},"end":{"line":13,"column":7}},"14":{"start":{"line":15,"column":0},"end":{"line":15,"column":1}},"16":{"start":{"line":17,"column":0},"end":{"line":17,"column":18}}},"s":{"0":0,"2":0,"4":0,"5":0,"6":0,"7":0,"8":0,"10":0,"11":0,"12":0,"14":0,"16":0},"branchMap":{"0":{"type":"branch","line":1,"loc":{"start":{"line":1,"column":307},"end":{"line":17,"column":18}},"locations":[{"start":{"line":1,"column":307},"end":{"line":17,"column":18}}]}},"b":{"0":[0]},"fnMap":{"0":{"name":"(empty-report)","decl":{"start":{"line":1,"column":307},"end":{"line":17,"column":18}},"loc":{"start":{"line":1,"column":307},"end":{"line":17,"column":18}},"line":1}},"f":{"0":0}}
,"C:\\Users\\Usuario\\Desktop\\Frontend_Elite\\proyectos\\lib2\\react-hooks\\src\\index.ts": {"path":"C:\\Users\\Usuario\\Desktop\\Frontend_Elite\\proyectos\\lib2\\react-hooks\\src\\index.ts","all":true,"statementMap":{"0":{"start":{"line":1,"column":0},"end":{"line":1,"column":23}}},"s":{"0":0},"branchMap":{"0":{"type":"branch","line":1,"loc":{"start":{"line":1,"column":0},"end":{"line":1,"column":14}},"locations":[{"start":{"line":1,"column":0},"end":{"line":1,"column":14}}]}},"b":{"0":[0]},"fnMap":{"0":{"name":"(empty-report)","decl":{"start":{"line":1,"column":0},"end":{"line":1,"column":14}},"loc":{"start":{"line":1,"column":0},"end":{"line":1,"column":14}},"line":1}},"f":{"0":0}}
,"C:\\Users\\Usuario\\Desktop\\Frontend_Elite\\proyectos\\lib2\\react-hooks\\src\\main.tsx": {"path":"C:\\Users\\Usuario\\Desktop\\Frontend_Elite\\proyectos\\lib2\\react-hooks\\src\\main.tsx","all":true,"statementMap":{"0":{"start":{"line":1,"column":0},"end":{"line":1,"column":25}},"1":{"start":{"line":2,"column":0},"end":{"line":2,"column":39}},"2":{"start":{"line":3,"column":0},"end":{"line":3,"column":27}},"3":{"start":{"line":4,"column":0},"end":{"line":4,"column":20}},"5":{"start":{"line":6,"column":0},"end":{"line":6,"column":61}},"6":{"start":{"line":7,"column":0},"end":{"line":7,"column":20}},"7":{"start":{"line":8,"column":0},"end":{"line":8,"column":11}},"8":{"start":{"line":9,"column":0},"end":{"line":9,"column":22}},"9":{"start":{"line":10,"column":0},"end":{"line":10,"column":1}}},"s":{"0":0,"1":0,"2":0,"3":0,"5":0,"6":0,"7":0,"8":0,"9":0},"branchMap":{"0":{"type":"branch","line":1,"loc":{"start":{"line":1,"column":235},"end":{"line":10,"column":1}},"locations":[{"start":{"line":1,"column":235},"end":{"line":10,"column":1}}]}},"b":{"0":[0]},"fnMap":{"0":{"name":"(empty-report)","decl":{"start":{"line":1,"column":235},"end":{"line":10,"column":1}},"loc":{"start":{"line":1,"column":235},"end":{"line":10,"column":1}},"line":1}},"f":{"0":0}}
,"C:\\Users\\Usuario\\Desktop\\Frontend_Elite\\proyectos\\lib2\\react-hooks\\src\\hooks\\index.ts": {"path":"C:\\Users\\Usuario\\Desktop\\Frontend_Elite\\proyectos\\lib2\\react-hooks\\src\\hooks\\index.ts","all":true,"statementMap":{"0":{"start":{"line":1,"column":0},"end":{"line":1,"column":28}}},"s":{"0":0},"branchMap":{"0":{"type":"branch","line":1,"loc":{"start":{"line":1,"column":0},"end":{"line":1,"column":14}},"locations":[{"start":{"line":1,"column":0},"end":{"line":1,"column":14}}]}},"b":{"0":[0]},"fnMap":{"0":{"name":"(empty-report)","decl":{"start":{"line":1,"column":0},"end":{"line":1,"column":14}},"loc":{"start":{"line":1,"column":0},"end":{"line":1,"column":14}},"line":1}},"f":{"0":0}}
,"C:\\Users\\Usuario\\Desktop\\Frontend_Elite\\proyectos\\lib2\\react-hooks\\src\\hooks\\useCounter.ts": {"path":"C:\\Users\\Usuario\\Desktop\\Frontend_Elite\\proyectos\\lib2\\react-hooks\\src\\hooks\\useCounter.ts","all":false,"statementMap":{"0":{"start":{"line":1,"column":0},"end":{"line":1,"column":30}},"13":{"start":{"line":14,"column":0},"end":{"line":14,"column":80}},"15":{"start":{"line":16,"column":0},"end":{"line":16,"column":58}},"17":{"start":{"line":18,"column":0},"end":{"line":18,"column":56}},"18":{"start":{"line":19,"column":0},"end":{"line":19,"column":54}},"19":{"start":{"line":20,"column":0},"end":{"line":20,"column":46}},"21":{"start":{"line":22,"column":0},"end":{"line":22,"column":12}},"22":{"start":{"line":23,"column":0},"end":{"line":23,"column":18}},"23":{"start":{"line":24,"column":0},"end":{"line":24,"column":18}},"24":{"start":{"line":25,"column":0},"end":{"line":25,"column":14}},"25":{"start":{"line":26,"column":0},"end":{"line":26,"column":13}},"26":{"start":{"line":27,"column":0},"end":{"line":27,"column":5}},"27":{"start":{"line":28,"column":0},"end":{"line":28,"column":1}}},"s":{"0":1,"13":1,"15":8,"17":8,"18":8,"19":8,"21":8,"22":8,"23":8,"24":8,"25":8,"26":8,"27":8},"branchMap":{"0":{"type":"branch","line":14,"loc":{"start":{"line":14,"column":26},"end":{"line":28,"column":1}},"locations":[{"start":{"line":14,"column":26},"end":{"line":28,"column":1}}]},"1":{"type":"branch","line":18,"loc":{"start":{"line":18,"column":22},"end":{"line":18,"column":56}},"locations":[{"start":{"line":18,"column":22},"end":{"line":18,"column":56}}]},"2":{"type":"branch","line":19,"loc":{"start":{"line":19,"column":22},"end":{"line":19,"column":54}},"locations":[{"start":{"line":19,"column":22},"end":{"line":19,"column":54}}]},"3":{"type":"branch","line":20,"loc":{"start":{"line":20,"column":18},"end":{"line":20,"column":46}},"locations":[{"start":{"line":20,"column":18},"end":{"line":20,"column":46}}]}},"b":{"0":[8],"1":[2],"2":[1],"3":[1]},"fnMap":{"0":{"name":"useCounter","decl":{"start":{"line":14,"column":26},"end":{"line":28,"column":1}},"loc":{"start":{"line":14,"column":26},"end":{"line":28,"column":1}},"line":14},"1":{"name":"increment","decl":{"start":{"line":18,"column":22},"end":{"line":18,"column":56}},"loc":{"start":{"line":18,"column":22},"end":{"line":18,"column":56}},"line":18},"2":{"name":"decrement","decl":{"start":{"line":19,"column":22},"end":{"line":19,"column":54}},"loc":{"start":{"line":19,"column":22},"end":{"line":19,"column":54}},"line":19},"3":{"name":"reset","decl":{"start":{"line":20,"column":18},"end":{"line":20,"column":46}},"loc":{"start":{"line":20,"column":18},"end":{"line":20,"column":46}},"line":20}},"f":{"0":8,"1":2,"2":1,"3":1}}
}
